🔍 COMPREHENSIVE MAPPING ANALYSIS
=====================================

📥 Loading source data...
[32m✅ Loaded 3623 entities from local files[39m
   📄 Pages: 38
   🏗️  Templates: 4
   📦 Containers: 341
   📋 Models: 35
   📝 Content: 1042
   📎 Assets: 2159
   🖼️  Galleries: 4
✅ Loaded source entities:
   📦 Models: 35
   📦 Containers: 341
   📄 Content: 1042
   🖼️ Assets: 2159
   🖼️ Galleries: 4

📋 Initial reference mapper state:
   📦 Models: 0
   📦 Containers: 0
   📄 Content: 0

🔍 ANALYSIS 1: MODEL FIELD DEPENDENCIES
========================================

📊 Models with ContentDefinition fields: 0
🔄 Circular references detected: 0

🔍 ANALYSIS 2: CONTAINER-TO-MODEL MAPPING
=========================================
📊 Container-Model mismatches: 0

📊 Models with multiple containers:
   📦 Model:"undefined" → 341 containers: 404_RichTextArea, 500_RichTextArea, AgilityCSSFiles...

🔍 ANALYSIS 3: HASH-BASED CONTAINER NAMES
==========================================
📊 Hash-based containers detected: 51
📊 Base name groups with hashes: 12
   🔍 Hash-based containers (first 10):
      🔸 "ChangeLog_ChangeLog095768E2" (base:"ChangeLog_ChangeLog", hash:095768E2)
      🔸 "ChangeLog_ChangeLog0A12EE5F" (base:"ChangeLog_ChangeLog", hash:0A12EE5F)
      🔸 "ChangeLog_ChangeLog0F7D0FF9" (base:"ChangeLog_ChangeLog", hash:0F7D0FF9)
      🔸 "ChangeLog_ChangeLog1B750FE5" (base:"ChangeLog_ChangeLog", hash:1B750FE5)
      🔸 "ChangeLog_ChangeLog35C9718B" (base:"ChangeLog_ChangeLog", hash:35C9718B)
      🔸 "ChangeLog_ChangeLog3851B7CD" (base:"ChangeLog_ChangeLog", hash:3851B7CD)
      🔸 "ChangeLog_ChangeLog3A165FC4" (base:"ChangeLog_ChangeLog", hash:3A165FC4)
      🔸 "ChangeLog_ChangeLog3F162F05" (base:"ChangeLog_ChangeLog", hash:3F162F05)
      🔸 "ChangeLog_ChangeLog47940944" (base:"ChangeLog_ChangeLog", hash:47940944)
      🔸 "ChangeLog_ChangeLog4C01395E" (base:"ChangeLog_ChangeLog", hash:4C01395E)

🔍 ANALYSIS 4: CONTENT CONTAINER RESOLUTION
===========================================
📊 ChangeLog-related content items: 355
📊 Content → Container mappings identified: 83

   🔍 Sample ChangeLog content items:
      📄 ID:1000 "changelog_changelogadde2186" (ChangeLog) → 11 containers
         🎯 Containers: ChangeLog_ChangeLogADDE2186, ChangeLog_ChangeLogADDE2186, ChangeLog_ChangeLogADDE2186...
      📄 ID:1001 "changelog_changelogadde2186" (ChangeLog) → 11 containers
         🎯 Containers: ChangeLog_ChangeLogADDE2186, ChangeLog_ChangeLogADDE2186, ChangeLog_ChangeLogADDE2186...
      📄 ID:1002 "changelog_changelogadde2186" (ChangeLog) → 11 containers
         🎯 Containers: ChangeLog_ChangeLogADDE2186, ChangeLog_ChangeLogADDE2186, ChangeLog_ChangeLogADDE2186...
      📄 ID:1029 "changelog" (Release) → 6308 containers
         🎯 Containers: ChangeLog, ChangeLogTags, ChangeLog_ChangeLog...
      📄 ID:1030 "changelog_changelog4c01395e" (ChangeLog) → 7 containers
         🎯 Containers: ChangeLog_ChangeLog4C01395E, ChangeLog_ChangeLog4C01395E, ChangeLog_ChangeLog4C01395E...
      📄 ID:1031 "changelog_changelog4c01395e" (ChangeLog) → 7 containers
         🎯 Containers: ChangeLog_ChangeLog4C01395E, ChangeLog_ChangeLog4C01395E, ChangeLog_ChangeLog4C01395E...
      📄 ID:1032 "changelog_changelog4c01395e" (ChangeLog) → 7 containers
         🎯 Containers: ChangeLog_ChangeLog4C01395E, ChangeLog_ChangeLog4C01395E, ChangeLog_ChangeLog4C01395E...
      📄 ID:1033 "changelog_changelog4c01395e" (ChangeLog) → 7 containers
         🎯 Containers: ChangeLog_ChangeLog4C01395E, ChangeLog_ChangeLog4C01395E, ChangeLog_ChangeLog4C01395E...
      📄 ID:1034 "changelog_changelog4c01395e" (ChangeLog) → 7 containers
         🎯 Containers: ChangeLog_ChangeLog4C01395E, ChangeLog_ChangeLog4C01395E, ChangeLog_ChangeLog4C01395E...
      📄 ID:1035 "changelog_changelog4c01395e" (ChangeLog) → 7 containers
         🎯 Containers: ChangeLog_ChangeLog4C01395E, ChangeLog_ChangeLog4C01395E, ChangeLog_ChangeLog4C01395E...

🔍 ANALYSIS 5: MODEL CHANGE DETECTION ISSUES
============================================
📊 Models likely causing change detection issues: 6
   🔍 Problematic models (first 10):
      ⚠️ "Doc Section" (1 issues): 2 helper fields
      ⚠️ "Doc Article" (1 issues): 4 helper fields
      ⚠️ "Listed Link" (1 issues): 2 helper fields
      ⚠️ "Listed Article" (1 issues): 2 helper fields
      ⚠️ "Change Log" (1 issues): 2 helper fields
      ⚠️ "Footer" (1 issues): 6 helper fields

🎯 COMPREHENSIVE MAPPING ANALYSIS SUMMARY
==========================================
📊 Total Models: 35
📊 Total Containers: 341
📊 Total Content: 1042
📊 ChangeLog Content: 355
📊 Hash-based Containers: 51
📊 Models with Content Fields: 0
📊 Models Likely Causing Issues: 6

🚨 PRIORITY ISSUES TO FIX:
   🔴 HIGH: 51 hash-based containers causing infinite loops

💡 RECOMMENDED FIX ORDER:
   1. Fix hash-based container mapping (case-insensitive lookup)
   2. Fix model comparison to handle ContentDefinition fields properly
   3. Implement proper content-to-container resolution strategy
   4. Add comprehensive change detection for incremental sync

✅ ANALYSIS COMPLETE - Use findings above for systematic fixes
