🔍 COMPLETE MAPPING ECOSYSTEM ANALYSIS
=====================================
🎯 OBJECTIVE: Understand ALL mapping failures systemically, not symptomatically

📥 Loading source data...
[32m✅ Loaded 3623 entities from local files[39m
   📄 Pages: 38
   🏗️  Templates: 4
   📦 Containers: 341
   📋 Models: 35
   📝 Content: 1042
   📎 Assets: 2159
   🖼️  Galleries: 4
✅ Loaded source entities:
   📋 Models: 35
   📦 Containers: 341
   📄 Content: 1042

🔍 ECOSYSTEM ANALYSIS 1: MODEL-CONTAINER RELATIONSHIP MATRIX
=============================================================
📊 Model-Container Matrix:

📋 Model: undefined
   📦 Total Containers: 341
   🏠 Base Containers: 282
   🔸 Hash Containers: 59
   🏷️ Naming Patterns: 294
   🎯 Hash Ratio: 17.3%
   ⚠️ Complex naming: 294 different patterns
   ⚠️ Hash explosion: 59 hash variants


🔍 ECOSYSTEM ANALYSIS 2: CONTENT-MODEL-CONTAINER MAPPING FLOW
=============================================================
📊 Content-Model-Container Mapping Analysis:

📋 Model: DocSection
   📄 Content Items: 61
   📦 Available Containers: 0
   ✅ Mapping Success Rate: 0.0%
   🎯 Strategies: 
   ⚠️ Container shortage: Only 0 containers for 61 content items

📋 Model: ChangeLog
   📄 Content Items: 266
   📦 Available Containers: 0
   ✅ Mapping Success Rate: 0.0%
   🎯 Strategies: 
   ⚠️ Container shortage: Only 0 containers for 266 content items

📋 Model: DocArticle
   📄 Content Items: 235
   📦 Available Containers: 0
   ✅ Mapping Success Rate: 0.0%
   🎯 Strategies: 
   ⚠️ Container shortage: Only 0 containers for 235 content items

📋 Model: ArticleListing
   📄 Content Items: 11
   📦 Available Containers: 0
   ✅ Mapping Success Rate: 0.0%
   🎯 Strategies: 
   ⚠️ Container shortage: Only 0 containers for 11 content items

📋 Model: SidebarNav
   📄 Content Items: 33
   📦 Available Containers: 0
   ✅ Mapping Success Rate: 0.0%
   🎯 Strategies: 
   ⚠️ Container shortage: Only 0 containers for 33 content items

📋 Model: HeroHeading
   📄 Content Items: 16
   📦 Available Containers: 0
   ✅ Mapping Success Rate: 0.0%
   🎯 Strategies: 
   ⚠️ Container shortage: Only 0 containers for 16 content items

📋 Model: ListedLink
   📄 Content Items: 138
   📦 Available Containers: 0
   ✅ Mapping Success Rate: 0.0%
   🎯 Strategies: 
   ⚠️ Container shortage: Only 0 containers for 138 content items

📋 Model: ListofLinks
   📄 Content Items: 20
   📦 Available Containers: 0
   ✅ Mapping Success Rate: 0.0%
   🎯 Strategies: 
   ⚠️ Container shortage: Only 0 containers for 20 content items

📋 Model: RightOrLeftAlignedLinks
   📄 Content Items: 27
   📦 Available Containers: 0
   ✅ Mapping Success Rate: 0.0%
   🎯 Strategies: 
   ⚠️ Container shortage: Only 0 containers for 27 content items

📋 Model: ListedArticle
   📄 Content Items: 35
   📦 Available Containers: 0
   ✅ Mapping Success Rate: 0.0%
   🎯 Strategies: 
   ⚠️ Container shortage: Only 0 containers for 35 content items

📋 Model: DynamicArticleDetails
   📄 Content Items: 15
   📦 Available Containers: 0
   ✅ Mapping Success Rate: 0.0%
   🎯 Strategies: 
   ⚠️ Container shortage: Only 0 containers for 15 content items

📋 Model: DocCategory
   📄 Content Items: 17
   📦 Available Containers: 0
   ✅ Mapping Success Rate: 0.0%
   🎯 Strategies: 
   ⚠️ Container shortage: Only 0 containers for 17 content items

📋 Model: Link
   📄 Content Items: 16
   📦 Available Containers: 0
   ✅ Mapping Success Rate: 0.0%
   🎯 Strategies: 
   ⚠️ Container shortage: Only 0 containers for 16 content items

📋 Model: Release
   📄 Content Items: 76
   📦 Available Containers: 0
   ✅ Mapping Success Rate: 0.0%
   🎯 Strategies: 
   ⚠️ Container shortage: Only 0 containers for 76 content items

📋 Model: CodeFeature
   📄 Content Items: 3
   📦 Available Containers: 0
   ✅ Mapping Success Rate: 0.0%
   🎯 Strategies: 

📋 Model: CodeTabs
   📄 Content Items: 1
   📦 Available Containers: 0
   ✅ Mapping Success Rate: 0.0%
   🎯 Strategies: 

📋 Model: BlockEditor
   📄 Content Items: 8
   📦 Available Containers: 0
   ✅ Mapping Success Rate: 0.0%
   🎯 Strategies: 
   ⚠️ Container shortage: Only 0 containers for 8 content items

📋 Model: RichTextArea
   📄 Content Items: 5
   📦 Available Containers: 0
   ✅ Mapping Success Rate: 0.0%
   🎯 Strategies: 

📋 Model: Header
   📄 Content Items: 1
   📦 Available Containers: 0
   ✅ Mapping Success Rate: 0.0%
   🎯 Strategies: 

📋 Model: DocConcept
   📄 Content Items: 27
   📦 Available Containers: 0
   ✅ Mapping Success Rate: 0.0%
   🎯 Strategies: 
   ⚠️ Container shortage: Only 0 containers for 27 content items

📋 Model: ImageLink
   📄 Content Items: 16
   📦 Available Containers: 0
   ✅ Mapping Success Rate: 0.0%
   🎯 Strategies: 
   ⚠️ Container shortage: Only 0 containers for 16 content items

📋 Model: SDKsFrameworks
   📄 Content Items: 1
   📦 Available Containers: 0
   ✅ Mapping Success Rate: 0.0%
   🎯 Strategies: 

📋 Model: TextBlockswithImages
   📄 Content Items: 1
   📦 Available Containers: 0
   ✅ Mapping Success Rate: 0.0%
   🎯 Strategies: 

📋 Model: Footer
   📄 Content Items: 1
   📦 Available Containers: 0
   ✅ Mapping Success Rate: 0.0%
   🎯 Strategies: 

📋 Model: Changelog
   📄 Content Items: 2
   📦 Available Containers: 0
   ✅ Mapping Success Rate: 0.0%
   🎯 Strategies: 

📋 Model: ChangeLogTag
   📄 Content Items: 8
   📦 Available Containers: 0
   ✅ Mapping Success Rate: 0.0%
   🎯 Strategies: 
   ⚠️ Container shortage: Only 0 containers for 8 content items

📋 Model: SidebarFilter
   📄 Content Items: 1
   📦 Available Containers: 0
   ✅ Mapping Success Rate: 0.0%
   🎯 Strategies: 

📋 Model: HeroCategories
   📄 Content Items: 1
   📦 Available Containers: 0
   ✅ Mapping Success Rate: 0.0%
   🎯 Strategies: 


🔍 ECOSYSTEM ANALYSIS 3: REFERENCE MAPPER ECOSYSTEM STATE
========================================================
📊 Reference Mapper Ecosystem Simulation:
   📋 Models: 0/35 viable (0.0%)
   📦 Containers: 341/341 linked to models (100.0%)
   📄 Content: 0/1042 mappable to containers (0.0%)
   🔗 Valid Cross-references: 0
   💔 Broken Cross-references: 341

🏥 Overall Ecosystem Health: 30.0%
   🚨 CRITICAL: Ecosystem requires major architectural intervention


🔍 ECOSYSTEM ANALYSIS 4: SYSTEMIC PROBLEM IDENTIFICATION
=======================================================
🚨 IDENTIFIED SYSTEMIC PROBLEMS:

1. Hash Container Architecture Complexity [MEDIUM]
   📋 Category: Container Architecture
   📄 Description: 1 models have complex hash container hierarchies
   💥 Impact: Difficult debugging, performance issues, maintenance overhead
   🔍 Root Cause: Lack of hash container lifecycle management
   🔧 Solution: Implement hash container relationship tracking and lifecycle management

2. Cross-Reference Integrity Failure [CRITICAL]
   📋 Category: Reference Integrity
   📄 Description: 100.0% of cross-references are broken
   💥 Impact: Cascading failures throughout the sync process
   🔍 Root Cause: Lack of transactional mapping and state validation
   🔧 Solution: Implement transactional reference mapping with integrity constraints

3. Overall Ecosystem Health Degradation [CRITICAL]
   📋 Category: System Architecture
   📄 Description: Ecosystem health at 30.0% indicates systemic issues
   💥 Impact: Unreliable sync operations, frequent failures, maintenance overhead
   🔍 Root Cause: Accumulation of architectural debt and lack of holistic design
   🔧 Solution: Comprehensive architectural refactoring with unified mapping framework


🎯 ARCHITECTURAL SOLUTION FRAMEWORK
===================================
📊 ECOSYSTEM SUMMARY:
   🏥 Health Score: 30.0%
   🚨 Critical Issues: 2
   ⚠️ High Priority Issues: 0
   📄 Total Mapping Failures: 1042
   💔 Broken Cross-References: 341

🏗️ REQUIRED ARCHITECTURAL COMPONENTS:
   1. 📋 Model-Container-Content Relationship Manager
   2. 🎯 Multi-Strategy Container Mapping Engine
   3. 🔸 Hash Container Lifecycle Management System
   4. 🔗 Transactional Reference Mapper with Integrity Validation
   5. 🏥 Ecosystem Health Monitoring and Auto-Recovery
   6. 📊 Unified Mapping Strategy Selection Framework

💡 IMPLEMENTATION PRIORITY:
   🔴 IMMEDIATE: Fix critical data integrity issues
      - Cross-Reference Integrity Failure
      - Overall Ecosystem Health Degradation
   🟡 MEDIUM: Implement comprehensive architectural framework

✅ COMPLETE MAPPING ECOSYSTEM ANALYSIS FINISHED
🚀 Ready for systematic architectural solution implementation
