[33mWelcome to Agility CLI.[39m
[32mâ—Ź Authenticated to Agility servers.[39m
[32m[39m
[33m[39m
[33mPulling instance 67bc73e6-u (en-us) [website] Preview into ./agility-files[39m
Pull operation started in verbose mode.
Using directory as root for Agility instances: /Users/aaron/Documents/GitHub/agility-cli/agility-files
Effective path for instance files: /Users/aaron/Documents/GitHub/agility-cli/agility-files/67bc73e6-u/en-us/preview

Starting Containers...
đź”Ť Using model-based container discovery (getContainerList misses containers)...
đź“‹ Standard getContainerList found: 341 containers
đź”Ť Discovering additional containers through COMPREHENSIVE model discovery...
đź“‹ Standard model discovery...
   đź“„ Content modules: 16
   đź“ť Page modules: 19
   đź“Š Standard total: 35
đź”Ť Enhanced model discovery via content definitions...
đź”Ť Found 0 unique model IDs referenced in content
âś… Content-based model discovery: 0 models retrieved
đź“¦ Total models discovered: 35 (0 additional)
đź“¦ Model-based discovery complete: 341 containers
đź”Ť Discovering additional containers through content references...
đź“‹ Scanning content files for container references...
đź”Ť Found 1046 unique container IDs referenced in content
đź”„ Attempting to retrieve 1046 unique containers...
   âś… Found missing container via content: ContainerID:752 (No Name)
   âś… Found missing container via content: ContainerID:754 (No Name)
   âś… Found missing container via content: ContainerID:28 (dynamicarticleseditors_Sideb5DDC13)
   âś… Found missing container via content: ContainerID:30 (developersarticlesdynamic_Si30609B)
   âś… Found missing container via content: ContainerID:620 (No Name)
   âś… Found missing container via content: ContainerID:1022 (No Name)
   âś… Found missing container via content: ContainerID:1172 (No Name)
   âś… Found missing container via content: ContainerID:621 (No Name)
   âś… Found missing container via content: ContainerID:599 (No Name)
   âś… Found missing container via content: ContainerID:622 (No Name)
   đź“Š Progress: 100/1046 processed (100 found, 0 failed)
   đź“Š Progress: 200/1046 processed (200 found, 0 failed)
   đź“Š Progress: 300/1046 processed (300 found, 0 failed)
   đź“Š Progress: 400/1046 processed (400 found, 0 failed)
   đź“Š Progress: 500/1046 processed (500 found, 0 failed)
   đź“Š Progress: 600/1046 processed (600 found, 0 failed)
   âś… Found missing container via content: ContainerID:405 (No Name)
   đź“Š Progress: 700/1046 processed (700 found, 0 failed)
   đź“Š Progress: 800/1046 processed (800 found, 0 failed)
   đź“Š Progress: 900/1046 processed (900 found, 0 failed)
