🚨 EMERGENCY MAPPING SYSTEM FIX
===============================
🎯 PROBLEM: Recursive mapping system incompatible with structured processing
🔧 SOLUTION: Bridge compatibility between paradigms

🔍 STEP 1: EMERGENCY DATA LOADING WITH VALIDATION
================================================
📥 Loading source data with ChainDataLoader...
[32m✅ Loaded 3623 entities from local files[39m
   📄 Pages: 38
   🏗️  Templates: 4
   📦 Containers: 341
   📋 Models: 35
   📝 Content: 1042
   📎 Assets: 2159
   🖼️  Galleries: 4
🔍 VALIDATION: Checking data integrity...
📋 Model Validation: 0/35 valid (0.0%)
🚨 CRITICAL: Model loading failure detected
🔧 DEBUGGING: Model structure analysis...
📋 Sample model structure:
   definitionID: undefined
   definitionName: undefined
   fields: missing
   raw keys: id,lastModifiedDate,displayName,referenceName,contentDefinitionTypeID,lastModifiedBy,lastModifiedAuthorID,description,allowTagging,contentDefinitionTypeName
📦 Container Validation: 0/341 linked to models (0.0%)
📄 Content Validation: 0/1042 can map to containers (0.0%)

🔧 STEP 2: EMERGENCY REFERENCE MAPPER RECONSTRUCTION
==================================================
🔄 Pre-populating reference mapper with validated data...
📋 Pre-populating 0 valid models...
📦 Pre-populating containers with model relationships...
✅ Successfully linked 0 containers to models

🧪 STEP 3: TEST FIXED ECOSYSTEM HEALTH
=====================================
🏥 Fixed Ecosystem Health: 0.0%
   📋 Model Health: 0.0%
   📦 Container Health: 0.0%
   📄 Content Health: 0.0%
   🔗 Reference Health: 0%
❌ FAILURE: Emergency fix did not restore ecosystem health
🔍 Additional diagnosis required
