[33mWelcome to Agility CLI.[39m
🔍 HASH CONTAINER RELATIONSHIP ANALYSIS
========================================

📥 Loading source data...
[32m✅ Loaded 3623 entities from local files[39m
   📄 Pages: 38
   🏗️  Templates: 4
   📦 Containers: 341
   📋 Models: 35
   📝 Content: 1042
   📎 Assets: 2159
   🖼️  Galleries: 4
✅ Loaded source entities: 341 containers, 1042 content items

🔍 ANALYSIS 1: HASH-BASED CONTAINER STRUCTURE
===============================================
📊 Hash-based containers: 59
📊 Base containers: 282
📊 Container families: 28

🔍 Container Family Analysis:

📦 Family: "ChangeLog_ChangeLog"
   🏠 Base Container: ID:undefined
   👶 Child Variants: 33
   📋 Base Model ID: undefined
   📝 Base Description: No description
      🔸 ChangeLog_ChangeLog095768E2 (ID:undefined, Hash:095768E2)
      🔸 ChangeLog_ChangeLog0A12EE5F (ID:undefined, Hash:0A12EE5F)
      🔸 ChangeLog_ChangeLog0F7D0FF9 (ID:undefined, Hash:0F7D0FF9)
      ... and 30 more

📦 Family: "angular_ArticleListing"
   🏠 Base Container: ID:undefined
   👶 Child Variants: 1
   📋 Base Model ID: undefined
   📝 Base Description: No description
      🔸 angular_ArticleListing7A4AB981 (ID:undefined, Hash:7A4AB981)

📦 Family: "angular_ArticleListing7A4A"
   🏠 Base Container: MISSING
   👶 Child Variants: 1
      🔸 angular_ArticleListing7A4AB9B62350 (ID:undefined, Hash:B9B62350)

📦 Family: "angular_HeroHeading"
   🏠 Base Container: ID:undefined
   👶 Child Variants: 1
   📋 Base Model ID: undefined
   📝 Base Description: No description
      🔸 angular_HeroHeadingC418B5BC (ID:undefined, Hash:C418B5BC)

📦 Family: "angular_HeroHeadingC418B5BC"
   🏠 Base Container: MISSING
   👶 Child Variants: 1
      🔸 angular_HeroHeadingC418B5BC27B33EDA (ID:undefined, Hash:27B33EDA)

📦 Family: "angular_ListofLinks"
   🏠 Base Container: ID:undefined
   👶 Child Variants: 1
   📋 Base Model ID: undefined
   📝 Base Description: No description
      🔸 angular_ListofLinks0CF808B5 (ID:undefined, Hash:0CF808B5)

📦 Family: "angular_ListofLinks0CF808B5"
   🏠 Base Container: MISSING
   👶 Child Variants: 1
      🔸 angular_ListofLinks0CF808B525DAC55D (ID:undefined, Hash:25DAC55D)

📦 Family: "appsarticles_DynamicArticl"
   🏠 Base Container: MISSING
   👶 Child Variants: 1
      🔸 appsarticles_DynamicArticleDF510FD (ID:undefined, Hash:eDF510FD)

📦 Family: "dotNet_ArticleListing_List"
   🏠 Base Container: MISSING
   👶 Child Variants: 1
      🔸 dotNet_ArticleListing_ListedBDCC84 (ID:undefined, Hash:edBDCC84)

📦 Family: "dynamicarticleseditors_Sid"
   🏠 Base Container: MISSING
   👶 Child Variants: 1
      🔸 dynamicarticleseditors_Sideb5DDC13 (ID:undefined, Hash:eb5DDC13)

📦 Family: "editors_ListofLinks98_List"
   🏠 Base Container: MISSING
   👶 Child Variants: 1
      🔸 editors_ListofLinks98_Listed0E200A (ID:undefined, Hash:ed0E200A)

📦 Family: "gatsby_ArticleListing_List"
   🏠 Base Container: MISSING
   👶 Child Variants: 1
      🔸 gatsby_ArticleListing_ListedFBCBFE (ID:undefined, Hash:edFBCBFE)

📦 Family: "home_CodeFeature"
   🏠 Base Container: ID:undefined
   👶 Child Variants: 1
   📋 Base Model ID: undefined
   📝 Base Description: No description
      🔸 home_CodeFeature187F9499 (ID:undefined, Hash:187F9499)

📦 Family: "home_RightOrLeftAlignedLinks"
   🏠 Base Container: ID:undefined
   👶 Child Variants: 1
   📋 Base Model ID: undefined
   📝 Base Description: No description
      🔸 home_RightOrLeftAlignedLinksB573129D (ID:undefined, Hash:B573129D)

📦 Family: "nextjs_ArticleListing_List"
   🏠 Base Container: MISSING
   👶 Child Variants: 1
      🔸 nextjs_ArticleListing_Listed25E7FD (ID:undefined, Hash:ed25E7FD)

📦 Family: "overviewarticlesdynamic_Si"
   🏠 Base Container: MISSING
   👶 Child Variants: 1
      🔸 overviewarticlesdynamic_Side220AE9 (ID:undefined, Hash:de220AE9)

📦 Family: "ownersadmins_SidebarNav626"
   🏠 Base Container: MISSING
   👶 Child Variants: 7
      🔸 ownersadmins_SidebarNav62656193752 (ID:undefined, Hash:56193752)
      🔸 ownersadmins_SidebarNav626561CE191 (ID:undefined, Hash:561CE191)
      🔸 ownersadmins_SidebarNav6265623932C (ID:undefined, Hash:5623932C)
      ... and 4 more

📦 Family: "professionalservices_Block"
   🏠 Base Container: MISSING
   👶 Child Variants: 1
      🔸 professionalservices_BlockEd1D02F5 (ID:undefined, Hash:Ed1D02F5)

📦 Family: "sveltekit_SidebarNav"
   🏠 Base Container: ID:undefined
   👶 Child Variants: 2
   📋 Base Model ID: undefined
   📝 Base Description: No description
      🔸 sveltekit_SidebarNav0EA78DF7 (ID:undefined, Hash:0EA78DF7)
      🔸 sveltekit_SidebarNav39DE282E (ID:undefined, Hash:39DE282E)

📦 Family: "test_RichTextArea"
   🏠 Base Container: ID:undefined
   👶 Child Variants: 1
   📋 Base Model ID: undefined
   📝 Base Description: No description
      🔸 test_RichTextArea9E194634 (ID:undefined, Hash:9E194634)


🔍 ANALYSIS 2: CONTENT DISTRIBUTION IN CONTAINER FAMILIES
=======================================================
📊 Analyzing 355 ChangeLog-related content items...

📊 Content distribution by container family:

📦 Family "ChangeLog": 355 content items
   🏠 Base container: EXISTS
   👶 Child containers: 0
      📄 ID:1000 "changelog_changelogadde2186" (ChangeLog)
      📄 ID:1001 "changelog_changelogadde2186" (ChangeLog)
      📄 ID:1002 "changelog_changelogadde2186" (ChangeLog)
      ... and 352 more

📦 Family "ChangeLog_ChangeLog": 268 content items
   🏠 Base container: EXISTS
   👶 Child containers: 33
      📄 ID:1000 "changelog_changelogadde2186" (ChangeLog)
      📄 ID:1001 "changelog_changelogadde2186" (ChangeLog)
      📄 ID:1002 "changelog_changelogadde2186" (ChangeLog)
      ... and 265 more


🔍 ANALYSIS 3: TARGET INSTANCE CONTAINER INVESTIGATION
======================================================
test-hash-container-relationship-analysis.js

Default command

Commands:
  test-hash-container-relationship-analysi  Default command
  s.js                                                                 [default]
  test-hash-container-relationship-analysi  Login to Agility.
  s.js login
  test-hash-container-relationship-analysi  Log out of Agility.
  s.js logout
  test-hash-container-relationship-analysi  Scrub all the data out of an
  s.js clean                                instance
  test-hash-container-relationship-analysi  Generate an env file for your
  s.js genenv                               instance.
  test-hash-container-relationship-analysi  Pull your Agility instance locally.
  s.js pull
  test-hash-container-relationship-analysi  Push your Instance.
  s.js push
  test-hash-container-relationship-analysi  Sync your instance using the new
  s.js sync                                 2-pass dependency system.
  test-hash-container-relationship-analysi  Update a specific content ID or list
  s.js updatecontent                        of content IDs.
  test-hash-container-relationship-analysi  Publish a specific content ID or
  s.js publishcontent                       list of content IDs.

Options:
  --help        Show help                                              [boolean]
  --version     Show version number                                    [boolean]
  --dev         Enable developer mode                 [boolean] [default: false]
  --local       Enable local mode                     [boolean] [default: false]
  --preprod     Enable preprod mode                   [boolean] [default: false]
  --headless    Turn off the experimental Blessed UI for push/sync operations.
                                                      [boolean] [default: false]
  --verbose     Run in verbose mode: all logs to console, no UI elements.
                Overridden by headless.               [boolean] [default: false]
  --modelDiffs  Enable detailed logging of model differences during push
                operations.                           [boolean] [default: false]

TypeError: auth_1.Auth is not a constructor
    at Object.<anonymous> (/Users/aaron/Documents/GitHub/agility-cli/dist/index.js:174:32)
    at step (/Users/aaron/Documents/GitHub/agility-cli/dist/index.js:71:23)
    at Object.next (/Users/aaron/Documents/GitHub/agility-cli/dist/index.js:52:53)
    at /Users/aaron/Documents/GitHub/agility-cli/dist/index.js:46:71
    at new Promise (<anonymous>)
    at __awaiter (/Users/aaron/Documents/GitHub/agility-cli/dist/index.js:42:12)
    at Object.handler (/Users/aaron/Documents/GitHub/agility-cli/dist/index.js:160:16)
    at /Users/aaron/Documents/GitHub/agility-cli/node_modules/yargs/build/index.cjs:1:8993
    at j (/Users/aaron/Documents/GitHub/agility-cli/node_modules/yargs/build/index.cjs:1:4956)
    at _.handleValidationAndGetResult (/Users/aaron/Documents/GitHub/agility-cli/node_modules/yargs/build/index.cjs:1:8962)
node:internal/process/promises:394
    triggerUncaughtException(err, true /* fromPromise */);
    ^

TypeError: auth_1.Auth is not a constructor
    at Object.<anonymous> (/Users/aaron/Documents/GitHub/agility-cli/dist/index.js:174:32)
    at step (/Users/aaron/Documents/GitHub/agility-cli/dist/index.js:71:23)
    at Object.next (/Users/aaron/Documents/GitHub/agility-cli/dist/index.js:52:53)
    at /Users/aaron/Documents/GitHub/agility-cli/dist/index.js:46:71
    at new Promise (<anonymous>)
    at __awaiter (/Users/aaron/Documents/GitHub/agility-cli/dist/index.js:42:12)
    at Object.handler (/Users/aaron/Documents/GitHub/agility-cli/dist/index.js:160:16)
    at /Users/aaron/Documents/GitHub/agility-cli/node_modules/yargs/build/index.cjs:1:8993
    at j (/Users/aaron/Documents/GitHub/agility-cli/node_modules/yargs/build/index.cjs:1:4956)
    at _.handleValidationAndGetResult (/Users/aaron/Documents/GitHub/agility-cli/node_modules/yargs/build/index.cjs:1:8962)

Node.js v22.11.0
