[33mWelcome to Agility CLI.[39m
[33m🧪 TEST MODE: Bypassing authentication...[39m
🔒 Target instance validation enabled. 5 approved targets loaded.
[32m✅ Target instance validated: Test Mode (Analysis Only) (test)[39m
[33m🧪 TEST MODE: Bypassing permission checks...[39m
[36m[39m
[36m🚀 Starting Simplified Pusher-Based Sync[39m
============================================================
[33m📥 Loading source data and performing dependency analysis...[39m
[32m✅ Loaded 6076 entities from local files[39m
[36m[39m
[36m📊 6-STEP DEPENDENCY CHAIN ANALYSIS[39m
==================================================
[34m[39m
[34m📐 1. CIRCULAR MODEL CHAINS (BASELINE)[39m
==================================================
[33mFound 12 independent model-to-model chains:[39m
[32m[39m
[32m  Model:Post (Post)[39m
[32m    ├─ Model:Category (Category)[39m
[32m[39m
[32m  Model:player (player)[39m
[32m    ├─ Model:playerContactDetails (playerContactDetails)[39m
[32m[39m
[32m  Model:MobilePOCTranslation (Mobile-POC-Translation)[39m
[32m    ├─ Model:MobilePOCGroup (Mobile-POC-Group)[39m
[32m[39m
[32m  Model:checkYourTicket (checkYourTicket)[39m
[32m    ├─ Model:checkDrawTicket (checkDrawTicket)[39m
[32m    ├─ Model:checkInstantTicket (checkInstantTicket)[39m
[32m[39m
[32m  Model:MobileAppFeatureCarousel (Mobile App - Feature Carousel)[39m
[32m    ├─ Model:MobileAppFeatureCarouselItem (Mobile App - Feature Carousel Item)[39m
[32m[39m
[32m  Model:CarouselConfiguration (CarouselConfiguration)[39m
[32m    ├─ Model:jackpotBannerConfiguration (jackpotBannerConfiguration)[39m
[32m    ├─ Model:marketingBannersConfiguration (marketingBannersConfiguration)[39m
[32m    ├─ Model:MarketingBannerItem (MarketingBannerItem)[39m
[32m[39m
[32m  Model:PortalFooter (Portal - Footer)[39m
[32m    ├─ Model:PortalFooterUsefulLinks (Portal - Footer Useful Links)[39m
[32m    │  ├─ Model:PortalFooterLink (Portal - Footer Link)[39m
[32m    ├─ Model:PortalFooterLink (Portal - Footer Link)[39m
[32m    ├─ Model:PortalFooterResponsibleGaming (Portal - Footer Responsible Gaming)[39m
[32m    ├─ Model:FooterDownloadOptions (Footer Download Options)[39m
[32m    │  ├─ Model:FooterDownloadButtons (Footer Download Buttons)[39m
[32m    │  ├─ Model:FooterDownloadButtons (Footer Download Buttons)[39m
[32m    ├─ Model:FooterLogos (Footer Logos)[39m
[32m[39m
[32m  Model:PortalFooterUsefulLinks (Portal - Footer Useful Links)[39m
[32m    ├─ Model:PortalFooterLink (Portal - Footer Link)[39m
[32m[39m
[32m  Model:FooterDownloadOptions (Footer Download Options)[39m
[32m    ├─ Model:FooterDownloadButtons (Footer Download Buttons)[39m
[32m    ├─ Model:FooterDownloadButtons (Footer Download Buttons)[39m
[32m[39m
[32m  Model:TXAppLaunchData (TXAppLaunchData)[39m
[32m    ├─ Model:TXAppLaunchDataPromotion (TXAppLaunchDataPromotion)[39m
[32m    ├─ Model:TXAppLaunchDataAppVersion (TXAppLaunchDataAppVersion)[39m
[32m    ├─ Model:TXAppLaunchDataActiveGames (TXAppLaunchDataActiveGames)[39m
[32m    │  ├─ Model:TXAppLaunchDataActiveGame (TXAppLaunchDataActiveGame)[39m
[32m    │  ├─ Model:TXAppLaunchDataActiveGame (TXAppLaunchDataActiveGame)[39m
[32m    │  ├─ Model:TXAppLaunchDataActiveGame (TXAppLaunchDataActiveGame)[39m
[32m    │  ├─ Model:TXAppLaunchDataActiveGame (TXAppLaunchDataActiveGame)[39m
[32m    │  ├─ Model:TXAppLaunchDataActiveGame (TXAppLaunchDataActiveGame)[39m
[32m    │  ├─ Model:TXAppLaunchDataActiveGame (TXAppLaunchDataActiveGame)[39m
[32m    │  ├─ Model:TXAppLaunchDataActiveGame (TXAppLaunchDataActiveGame)[39m
[32m    │  ├─ Model:TXAppLaunchDataActiveGame (TXAppLaunchDataActiveGame)[39m
[32m    │  ├─ Model:TXAppLaunchDataActiveGame (TXAppLaunchDataActiveGame)[39m
[32m    ├─ Model:TXAppLaunchDataClaim (TXAppLaunchDataClaim)[39m
[32m    ├─ Model:TXAppLaunchDataLocalStorageCache (TXAppLaunchDataLocalStorageCache)[39m
[32m[39m
[32m  Model:TXAppLaunchDataActiveGames (TXAppLaunchDataActiveGames)[39m
[32m    ├─ Model:TXAppLaunchDataActiveGame (TXAppLaunchDataActiveGame)[39m
[32m    ├─ Model:TXAppLaunchDataActiveGame (TXAppLaunchDataActiveGame)[39m
[32m    ├─ Model:TXAppLaunchDataActiveGame (TXAppLaunchDataActiveGame)[39m
[32m    ├─ Model:TXAppLaunchDataActiveGame (TXAppLaunchDataActiveGame)[39m
[32m    ├─ Model:TXAppLaunchDataActiveGame (TXAppLaunchDataActiveGame)[39m
[32m    ├─ Model:TXAppLaunchDataActiveGame (TXAppLaunchDataActiveGame)[39m
[32m    ├─ Model:TXAppLaunchDataActiveGame (TXAppLaunchDataActiveGame)[39m
[32m    ├─ Model:TXAppLaunchDataActiveGame (TXAppLaunchDataActiveGame)[39m
[32m    ├─ Model:TXAppLaunchDataActiveGame (TXAppLaunchDataActiveGame)[39m
[32m[39m
[32m  Model:MobileAppmenuMainBanner (Mobile App - Menu Main Banner)[39m
[32m    ├─ Model:MobileAppBannerActionItem (Mobile App - Banner Action Item)[39m
[34m[39m
[34m📄 2. ALL PAGE CHAINS[39m
==================================================
Error loading nested sitemap: The "path" argument must be of type string. Received undefined
[33mFound 25 pages (flat display - no hierarchy available):[39m
[37m[39m
[37m  PageID:16 (news)[39m
[35m    ├─ Template:Main Template[39m
[37m[39m
[37m  PageID:17 (news1)[39m
[35m    ├─ Template:news[39m
[90m    │  ├─ Zone: newszone1[39m
[37m    │  │  ├─ ContainerID:76 (news1_Heading9CB7C0DC)[39m
[32m    │  │  │  ├─ Model:Heading (Heading)[39m
[34m    │  │  │  ├─ ContentID:163 (news1_heading9cb7c0dc)[39m
[37m    │  │  ├─ ContainerID:77 (news1_RichTextArea)[39m
[32m    │  │  │  ├─ Model:RichTextArea (Rich Text Area)[39m
[34m    │  │  │  ├─ ContentID:164 (news1_richtextarea)[39m
[37m    │  │  ├─ ContainerID:79 (news1_TextBlockWithImage)[39m
[32m    │  │  │  ├─ Model:TextBlockWithImage (Text Block With Image)[39m
[34m    │  │  │  ├─ ContentID:167 (news1_textblockwithimage)[39m
    │  │  │  │  ├─ [33mAsset:eurojackpot.png[39m
    │  │  │  │  │  ├─ [35mGallery:logos[39m
[37m[39m
[37m  PageID:19 (help)[39m
[35m    ├─ Template:Main Template[39m
[90m    │  ├─ Zone: MainContentZone[39m
[37m    │  │  ├─ ContainerID:82 (help_RichTextAreaB32579CD)[39m
[90m    │  │  │  ├─ Model:RichTextArea (Rich Text Area) [DUPLICATE][39m
[34m    │  │  │  ├─ ContentID:172 (help_richtextareab32579cd)[39m
[37m    │  │  ├─ ContainerID:119 (help_EinstantRecentWinners)[39m
[32m    │  │  │  ├─ Model:EInstantRecentWinners (EInstantRecentWinners)[39m
[34m    │  │  │  ├─ ContentID:10092 (help_einstantrecentwinners)[39m
[37m[39m
[37m  PageID:2 (home)[39m
[35m    ├─ Template:Main Template[39m
[90m    │  ├─ Zone: MainContentZone[39m
[37m    │  │  ├─ ContainerID:115 (home_PromoBannerF9E8E3DA)[39m
[32m    │  │  │  ├─ Model:PromoBanner (PromoBanner)[39m
[34m    │  │  │  ├─ ContentID:10086 (home_promobannerf9e8e3da)[39m
    │  │  │  │  ├─ [33mAsset:copy-of-907powerball.png[39m
    │  │  │  │  ├─ [33mAsset:promo-banner-background.png[39m
[37m    │  │  ├─ ContainerID:122 (home_WinningNumbersCarousel)[39m
[32m    │  │  │  ├─ Model:WinningNumbersCarousel (WinningNumbersCarousel)[39m
[34m    │  │  │  ├─ ContentID:10101 (home_winningnumberscarousel)[39m
[37m    │  │  ├─ ContainerID:110 (home_eInstants60DE635A)[39m
[32m    │  │  │  ├─ Model:eInstants (eInstants)[39m
[34m    │  │  │  ├─ ContentID:10082 (home_einstants60de635a)[39m
[37m    │  │  ├─ ContainerID:106 (home_PromoBannerE619CD12)[39m
[90m    │  │  │  ├─ Model:PromoBanner (PromoBanner) [DUPLICATE][39m
[34m    │  │  │  ├─ ContentID:10075 (home_promobannere619cd12)[39m
    │  │  │  │  ├─ [33mAsset:bonus-banner-logo.png[39m
    │  │  │  │  ├─ [33mAsset:bonus-banner-background.png[39m
[37m    │  │  ├─ ContainerID:117 (home_EinstantRecentWinners)[39m
[90m    │  │  │  ├─ Model:EInstantRecentWinners (EInstantRecentWinners) [DUPLICATE][39m
[34m    │  │  │  ├─ ContentID:10089 (home_einstantrecentwinners)[39m
[37m[39m
[37m  PageID:21 (powerball)[39m
[35m    ├─ Template:GamePage[39m
[90m    │  ├─ Zone: hero-section[39m
[37m    │  │  ├─ ContainerID:102 (powerball_TextBlockWithImage)[39m
[90m    │  │  │  ├─ Model:TextBlockWithImage (Text Block With Image) [DUPLICATE][39m
[34m    │  │  │  ├─ ContentID:10070 (powerball_textblockwithimage)[39m
    │  │  │  │  ├─ [33mAsset:hero-image_20250206122045.png[39m
[90m    │  ├─ Zone: main-content[39m
[32m    │  │  ├─ Page Component Model:WinningNumbersSection[39m
[34m    │  │  │  ├─ ContentID:10193 (powerball_winningnumberssect2a0b2e)[39m
[37m    │  │  ├─ ContainerID:103 (powerball_Footer)[39m
[32m    │  │  │  ├─ Model:Footer (Footer)[39m
[34m    │  │  │  ├─ ContentID:10071 (powerball_footer)[39m
[37m[39m
[37m  Folder PageID:22 (draw-games)[39m
[37m[39m
[37m  PageID:23 (retailer-locator)[39m
[35m    ├─ Template:Main Template[39m
[90m    │  ├─ Zone: MainContentZone[39m
[37m    │  │  ├─ ContainerID:113 (retailerlocator_retailerLoca20D500)[39m
[32m    │  │  │  ├─ Model:retailerLocator (retailerLocator)[39m
[34m    │  │  │  ├─ ContentID:10084 (retailerlocator_retailerloca20d500)[39m
[37m    │  │  ├─ ContainerID:107 (about_RichTextArea51)[39m
[90m    │  │  │  ├─ Model:RichTextArea (Rich Text Area) [DUPLICATE][39m
[34m    │  │  │  ├─ ContentID:10077 (about_richtextarea51)[39m
[37m[39m
[37m  PageID:24 (einstants)[39m
[35m    ├─ Template:RightSideBarTemplate[39m
[90m    │  ├─ Zone: main-content-zone[39m
[37m    │  │  ├─ ContainerID:108 (einstants_eInstants)[39m
[90m    │  │  │  ├─ Model:eInstants (eInstants) [DUPLICATE][39m
[34m    │  │  │  ├─ ContentID:10081 (einstants_einstants)[39m
[90m    │  ├─ Zone: right-side-content-zone[39m
[32m    │  │  ├─ Page Component Model:EInstantRecentWinners[39m
[34m    │  │  │  ├─ ContentID:10194 (einstants_einstantrecentwinnad6afa)[39m
[37m[39m
[37m  PageID:26 (powerball)[39m
[35m    ├─ Template:Main Template[39m
[90m    │  ├─ Zone: MainContentZone[39m
[37m    │  │  ├─ ContainerID:123 (powerball_WinningNumbersSect3F5F8F)[39m
[32m    │  │  │  ├─ Model:WinningNumbersSection (WinningNumbersSection)[39m
[34m    │  │  │  ├─ ContentID:10103 (powerball_winningnumberssect3f5f8f)[39m
[37m[39m
[37m  PageID:27 (ticket-inquiry)[39m
[35m    ├─ Template:Main Template[39m
[90m    │  ├─ Zone: MainContentZone[39m
[37m    │  │  ├─ ContainerID:121 (ticketinquiry_TicketInquiry)[39m
[32m    │  │  │  ├─ Model:TicketInquiry (TicketInquiry)[39m
[34m    │  │  │  ├─ ContentID:10100 (ticketinquiry_ticketinquiry)[39m
[37m[39m
[37m  Folder PageID:28 (winning-numbers)[39m
[37m[39m
[37m  PageID:29 (mega-millions)[39m
[35m    ├─ Template:Main Template[39m
[90m    │  ├─ Zone: MainContentZone[39m
[37m    │  │  ├─ ContainerID:124 (powerball_WinningNumbersSect11B066)[39m
[90m    │  │  │  ├─ Model:WinningNumbersSection (WinningNumbersSection) [DUPLICATE][39m
[34m    │  │  │  ├─ ContentID:10105 (powerball_winningnumberssect11b066)[39m
[37m[39m
[37m  PageID:30 (pick-3)[39m
[35m    ├─ Template:Main Template[39m
[90m    │  ├─ Zone: MainContentZone[39m
[37m    │  │  ├─ ContainerID:125 (powerball_WinningNumbersSect0F30B3)[39m
[90m    │  │  │  ├─ Model:WinningNumbersSection (WinningNumbersSection) [DUPLICATE][39m
[34m    │  │  │  ├─ ContentID:10107 (powerball_winningnumberssect0f30b3)[39m
[37m[39m
[37m  PageID:33 (helo)[39m
[33m    ├─ [33mNo template assigned[39m[33m (page.templateName is null)[39m
[37m[39m
[37m  Folder PageID:34 (my-lotto)[39m
[37m[39m
[37m  PageID:35 (help)[39m
[33m    ├─ [33mNo template assigned[39m[33m (page.templateName is null)[39m
[37m[39m
[37m  Folder PageID:36 (player)[39m
[37m[39m
[37m  Folder PageID:37 (my-account)[39m
[37m[39m
[37m  PageID:38 (my-details)[39m
[35m    ├─ Template:LeftSideBarTemplate[39m
[90m    │  ├─ Zone: left-side-content-zone[39m
[32m    │  │  ├─ Page Component Model:SideNavigation[39m
[34m    │  │  │  ├─ ContentID:10214 (mydetails_sidenavigation)[39m
[37m[39m
[37m  PageID:39 (messages)[39m
[35m    ├─ Template:LeftSideBarTemplate[39m
[90m    │  ├─ Zone: left-side-content-zone[39m
[32m    │  │  ├─ Page Component Model:SideNavigation[39m
[34m    │  │  │  ├─ ContentID:10229 (messages_sidenavigation18391c55)[39m
[37m[39m
[37m  Folder PageID:40 (my-lottery)[39m
[37m[39m
[37m  PageID:41 (favorites)[39m
[35m    ├─ Template:LeftSideBarTemplate[39m
[90m    │  ├─ Zone: left-side-content-zone[39m
[32m    │  │  ├─ Page Component Model:SideNavigation[39m
[34m    │  │  │  ├─ ContentID:10213 (favorites_sidenavigation)[39m
[37m[39m
[37m  PageID:48 (virtual-card)[39m
[35m    ├─ Template:LeftSideBarTemplate[39m
[90m    │  ├─ Zone: left-side-content-zone[39m
[32m    │  │  ├─ Page Component Model:SideNavigation[39m
[34m    │  │  │  ├─ ContentID:10219 (virtualcard_sidenavigation)[39m
[37m[39m
[37m  Folder PageID:52 (logout)[39m
[37m[39m
[37m  PageID:53 (my-tickets)[39m
[35m    ├─ Template:LeftSideBarTemplate[39m
[90m    │  ├─ Zone: left-side-content-zone[39m
[32m    │  │  ├─ Page Component Model:SideNavigation[39m
[34m    │  │  │  ├─ ContentID:10228 (mytickets_sidenavigation)[39m
[34m[39m
[34m📦 3. ALL CONTAINER CHAINS[39m
==================================================
[33mFound 111 containers not in page chains:[39m
[37m[39m
[37m  ContainerID:1 (AgilityCSSFiles) [39m
[32m    ├─ Model:AgilityCSS (Agility CSS)[39m
[37m[39m
[37m  ContainerID:3 (AgilityGlobalCodeTemplates) [39m
[32m    ├─ Model:AgilityCodeTemplate (Agility Code Template)[39m
[37m[39m
[37m  ContainerID:2 (AgilityJavascriptFiles) [39m
[32m    ├─ Model:AgilityJavascript (Agility Javascript)[39m
[37m[39m
[37m  ContainerID:4 (AgilityModuleCodeTemplates) [39m
[90m    ├─ Model:AgilityCodeTemplate (Agility Code Template) [DUPLICATE][39m
[37m[39m
[37m  ContainerID:5 (AgilityPageCodeTemplates) [39m
[90m    ├─ Model:AgilityCodeTemplate (Agility Code Template) [DUPLICATE][39m
[37m[39m
[37m  ContainerID:18 (Categories) [39m
[90m    ├─ Model:Category (Category) [DUPLICATE][39m
[37m[39m
[37m  ContainerID:127 (DashBoard-FeatureCarousel) [39m
[90m    ├─ Model:MobileAppFeatureCarousel (Mobile App - Feature Carousel) [DUPLICATE][39m
[37m[39m
[37m  ContainerID:128 (DashBoardFeatureCarousel_Mob0A303C) [39m
[90m    ├─ Model:MobileAppFeatureCarouselItem (Mobile App - Feature Carousel Item) [DUPLICATE][39m
[37m[39m
[37m  ContainerID:129 (DashBoardFeatureCarousel_Mob739559) [39m
[90m    ├─ Model:MobileAppFeatureCarouselItem (Mobile App - Feature Carousel Item) [DUPLICATE][39m
[37m[39m
[37m  ContainerID:130 (DashBoardFeatureCarousel_Mob884F8E) [39m
[90m    ├─ Model:MobileAppFeatureCarouselItem (Mobile App - Feature Carousel Item) [DUPLICATE][39m
[37m[39m
[37m  ContainerID:133 (DashboardBannerContent) [39m
[32m    ├─ Model:MobileAppdashboardBannerContent (Mobile App - Dashboard Banner Content)[39m
[37m[39m
[37m  ContainerID:126 (DrawGamesConfig) [39m
[32m    ├─ Model:DrawGamesConfig (Draw Games Config)[39m
[37m[39m
[37m  ContainerID:156 (EdPOC) [39m
[32m    ├─ Model:EdTestModel (Ed Test Model)[39m
[37m[39m
[37m  ContainerID:132 (FeatureCarouselItem) [39m
[90m    ├─ Model:MobileAppFeatureCarouselItem (Mobile App - Feature Carousel Item) [DUPLICATE][39m
[37m[39m
[37m  ContainerID:159 (FooterDownloadButtons) [39m
[90m    ├─ Model:FooterDownloadButtons (Footer Download Buttons) [DUPLICATE][39m
[37m[39m
[37m  ContainerID:157 (FooterDownloadOptions) [39m
[90m    ├─ Model:FooterDownloadOptions (Footer Download Options) [DUPLICATE][39m
[37m[39m
[37m  ContainerID:155 (FooterResponsibleGaming) [39m
[90m    ├─ Model:PortalFooterResponsibleGaming (Portal - Footer Responsible Gaming) [DUPLICATE][39m
[37m[39m
[37m  ContainerID:152 (FooterUsefulLinkMain) [39m
[90m    ├─ Model:PortalFooterUsefulLinks (Portal - Footer Useful Links) [DUPLICATE][39m
[37m[39m
[37m  ContainerID:83 (HeroBanner) [39m
[32m    ├─ Model:HeroBanner (HeroBanner)[39m
[37m[39m
[37m  ContainerID:143 (HomeBanner) [39m
[32m    ├─ Model:HomeBanner (HomeBanner)[39m
[37m[39m
[37m  ContainerID:145 (JackpotCarouselBanner) [39m
[90m    ├─ Model:CarouselConfiguration (CarouselConfiguration) [DUPLICATE][39m
[37m[39m
[37m  ContainerID:148 (JackpotCarouselBanner_Market62DEC3) [39m
[90m    ├─ Model:MarketingBannerItem (MarketingBannerItem) [DUPLICATE][39m
[37m[39m
[37m  ContainerID:151 (JackpotCarouselBanner_MarketD8D5F1) [39m
[90m    ├─ Model:MarketingBannerItem (MarketingBannerItem) [DUPLICATE][39m
[37m[39m
[37m  ContainerID:149 (JackpotCarouselBanner_jackpo6484EE) [39m
[90m    ├─ Model:jackpotBannerConfiguration (jackpotBannerConfiguration) [DUPLICATE][39m
[37m[39m
[37m  ContainerID:146 (JackpotCarouselBanner_jackpo804A11) [39m
[90m    ├─ Model:jackpotBannerConfiguration (jackpotBannerConfiguration) [DUPLICATE][39m
[37m[39m
[37m  ContainerID:150 (JackpotCarouselBanner_market08BE17) [39m
[90m    ├─ Model:marketingBannersConfiguration (marketingBannersConfiguration) [DUPLICATE][39m
[37m[39m
[37m  ContainerID:147 (JackpotCarouselBanner_market812584) [39m
[90m    ├─ Model:marketingBannersConfiguration (marketingBannersConfiguration) [DUPLICATE][39m
[37m[39m
[37m  ContainerID:105 (PlayCards) [39m
[32m    ├─ Model:PlayCard (PlayCard)[39m
[37m[39m
[37m  ContainerID:62 (PlayerDetails) [39m
[90m    ├─ Model:player (player) [DUPLICATE][39m
[37m[39m
[37m  ContainerID:71 (PlayerDetails_playerContactDF29331) [39m
[90m    ├─ Model:playerContactDetails (playerContactDetails) [DUPLICATE][39m
[37m[39m
[37m  ContainerID:153 (PortalFooter) [39m
[90m    ├─ Model:PortalFooter (Portal - Footer) [DUPLICATE][39m
[37m[39m
[37m  ContainerID:138 (PortalFooterUsefulLinksList) [39m
[90m    ├─ Model:PortalFooterLink (Portal - Footer Link) [DUPLICATE][39m
[37m[39m
[37m  ContainerID:6 (Posts) [39m
[90m    ├─ Model:Post (Post) [DUPLICATE][39m
[37m[39m
[37m  ContainerID:89 (RetailerBanner) [39m
[32m    ├─ Model:RetailerBanner (RetailerBanner)[39m
[37m[39m
[37m  ContainerID:41 (SiteHeader) [39m
[32m    ├─ Model:SiteHeader (Site Header)[39m
[37m[39m
[37m  ContainerID:69 (Translation Groups) [39m
[90m    ├─ Model:MobilePOCGroup (Mobile-POC-Group) [DUPLICATE][39m
[37m[39m
[37m  ContainerID:68 (Translations) [39m
[90m    ├─ Model:MobilePOCTranslation (Mobile-POC-Translation) [DUPLICATE][39m
[37m[39m
[37m  ContainerID:116 (Winners_RichTextArea) [39m
[90m    ├─ Model:RichTextArea (Rich Text Area) [DUPLICATE][39m
[37m[39m
[37m  ContainerID:120 (Winners_eInstants) [39m
[90m    ├─ Model:eInstants (eInstants) [DUPLICATE][39m
[37m[39m
[37m  ContainerID:34 (about_AboutBlock) [39m
[90m    ├─ Model:TextBlockWithImage (Text Block With Image) [DUPLICATE][39m
[37m[39m
[37m  ContainerID:24 (about_RichTextArea) [39m
[90m    ├─ Model:RichTextArea (Rich Text Area) [DUPLICATE][39m
[37m[39m
[37m  ContainerID:107 (about_RichTextArea51) [39m
[90m    ├─ Model:RichTextArea (Rich Text Area) [DUPLICATE][39m
[37m[39m
[37m  ContainerID:52 (about_RichTextArea52) [39m
[90m    ├─ Model:RichTextArea (Rich Text Area) [DUPLICATE][39m
[37m[39m
[37m  ContainerID:35 (about_TextBlockWithImage) [39m
[90m    ├─ Model:TextBlockWithImage (Text Block With Image) [DUPLICATE][39m
[37m[39m
[37m  ContainerID:36 (about_TextBlockWithImage36) [39m
[90m    ├─ Model:TextBlockWithImage (Text Block With Image) [DUPLICATE][39m
[37m[39m
[37m  ContainerID:50 (blog_FeaturedPost) [39m
[32m    ├─ Model:FeaturedPost (Featured Post)[39m
[37m[39m
[37m  ContainerID:54 (blog_Heading) [39m
[90m    ├─ Model:Heading (Heading) [DUPLICATE][39m
[37m[39m
[37m  ContainerID:51 (blog_RichTextArea) [39m
[90m    ├─ Model:RichTextArea (Rich Text Area) [DUPLICATE][39m
[37m[39m
[37m  ContainerID:80 (blog_RichTextAreaF9C5C0A0) [39m
[90m    ├─ Model:RichTextArea (Rich Text Area) [DUPLICATE][39m
[37m[39m
[37m  ContainerID:100 (blog_TextBlockWithImage) [39m
[90m    ├─ Model:TextBlockWithImage (Text Block With Image) [DUPLICATE][39m
[37m[39m
[37m  ContainerID:58 (blogposts_PostDetails) [39m
[32m    ├─ Model:PostDetails (Post Details)[39m
[37m[39m
[37m  ContainerID:94 (checkyourticket_CheckDrawTicAD7110) [39m
[32m    ├─ Model:CheckDrawTickets (CheckDrawTickets)[39m
[37m[39m
[37m  ContainerID:96 (checkyourticket_CheckInstant9E9174) [39m
[32m    ├─ Model:CheckInstantTickets (CheckInstantTickets)[39m
[37m[39m
[37m  ContainerID:45 (contact_RichTextArea) [39m
[90m    ├─ Model:RichTextArea (Rich Text Area) [DUPLICATE][39m
[37m[39m
[37m  ContainerID:46 (contact_TextBlockWithImage) [39m
[90m    ├─ Model:TextBlockWithImage (Text Block With Image) [DUPLICATE][39m
[37m[39m
[37m  ContainerID:57 (contact_TextBlockWithImage57) [39m
[90m    ├─ Model:TextBlockWithImage (Text Block With Image) [DUPLICATE][39m
[37m[39m
[37m  ContainerID:118 (einstants_EinstantRecentWinn9D26F0) [39m
[90m    ├─ Model:EInstantRecentWinners (EInstantRecentWinners) [DUPLICATE][39m
[37m[39m
[37m  ContainerID:108 (einstants_eInstants) [39m
[90m    ├─ Model:eInstants (eInstants) [DUPLICATE][39m
[37m[39m
[37m  ContainerID:60 (employees) [39m
[32m    ├─ Model:Employee (Employee)[39m
[34m    ├─ Content: 11 items found[39m
[34m    │  ├─ ContentID:133 (employees)[39m
[34m    │  ├─ ContentID:134 (employees)[39m
[34m    │  ├─ ContentID:8978 (employees)[39m
[90m    │  └─ ... and 8 more content items[39m
[37m[39m
[37m  ContainerID:119 (help_EinstantRecentWinners) [39m
[90m    ├─ Model:EInstantRecentWinners (EInstantRecentWinners) [DUPLICATE][39m
[37m[39m
[37m  ContainerID:81 (help_RichTextArea) [39m
[90m    ├─ Model:RichTextArea (Rich Text Area) [DUPLICATE][39m
[37m[39m
[37m  ContainerID:82 (help_RichTextAreaB32579CD) [39m
[90m    ├─ Model:RichTextArea (Rich Text Area) [DUPLICATE][39m
[37m[39m
[37m  ContainerID:117 (home_EinstantRecentWinners) [39m
[90m    ├─ Model:EInstantRecentWinners (EInstantRecentWinners) [DUPLICATE][39m
[37m[39m
[37m  ContainerID:55 (home_FeaturedPost) [39m
[90m    ├─ Model:FeaturedPost (Featured Post) [DUPLICATE][39m
[37m[39m
[37m  ContainerID:15 (home_PostsListing) [39m
[32m    ├─ Model:PostsListing (Posts Listing)[39m
[37m[39m
[37m  ContainerID:101 (home_PromoBanner) [39m
[90m    ├─ Model:PromoBanner (PromoBanner) [DUPLICATE][39m
[37m[39m
[37m  ContainerID:114 (home_PromoBannerB06BE635) [39m
[90m    ├─ Model:PromoBanner (PromoBanner) [DUPLICATE][39m
[37m[39m
[37m  ContainerID:106 (home_PromoBannerE619CD12) [39m
[90m    ├─ Model:PromoBanner (PromoBanner) [DUPLICATE][39m
[37m[39m
[37m  ContainerID:115 (home_PromoBannerF9E8E3DA) [39m
[90m    ├─ Model:PromoBanner (PromoBanner) [DUPLICATE][39m
[37m[39m
[37m  ContainerID:14 (home_RichTextArea) [39m
[90m    ├─ Model:RichTextArea (Rich Text Area) [DUPLICATE][39m
[37m[39m
[37m  ContainerID:37 (home_RichTextArea37) [39m
[90m    ├─ Model:RichTextArea (Rich Text Area) [DUPLICATE][39m
[37m[39m
[37m  ContainerID:44 (home_RichTextArea44) [39m
[90m    ├─ Model:RichTextArea (Rich Text Area) [DUPLICATE][39m
[37m[39m
[37m  ContainerID:48 (home_RichTextArea48) [39m
[90m    ├─ Model:RichTextArea (Rich Text Area) [DUPLICATE][39m
[37m[39m
[37m  ContainerID:84 (home_RichTextArea73A4607E) [39m
[90m    ├─ Model:RichTextArea (Rich Text Area) [DUPLICATE][39m
[37m[39m
[37m  ContainerID:49 (home_TextBlockWithImage) [39m
[90m    ├─ Model:TextBlockWithImage (Text Block With Image) [DUPLICATE][39m
[37m[39m
[37m  ContainerID:56 (home_TextBlockWithImage56) [39m
[90m    ├─ Model:TextBlockWithImage (Text Block With Image) [DUPLICATE][39m
[37m[39m
[37m  ContainerID:122 (home_WinningNumbersCarousel) [39m
[90m    ├─ Model:WinningNumbersCarousel (WinningNumbersCarousel) [DUPLICATE][39m
[37m[39m
[37m  ContainerID:109 (home_eInstants) [39m
[90m    ├─ Model:eInstants (eInstants) [DUPLICATE][39m
[37m[39m
[37m  ContainerID:110 (home_eInstants60DE635A) [39m
[90m    ├─ Model:eInstants (eInstants) [DUPLICATE][39m
[37m[39m
[37m  ContainerID:72 (i18) [39m
[32m    ├─ Model:i18Model (i18Model)[39m
[34m    ├─ Content: 5547 items found[39m
[34m    │  ├─ ContentID:1000 (i18)[39m
[34m    │  ├─ ContentID:10000 (i18)[39m
[34m    │  ├─ ContentID:10001 (i18)[39m
[90m    │  └─ ... and 5544 more content items[39m
[37m[39m
[37m  ContainerID:85 (i18Json) [39m
[32m    ├─ Model:i18nJson (i18nJson)[39m
[37m[39m
[37m  ContainerID:78 (news1_FeaturedPost) [39m
[90m    ├─ Model:FeaturedPost (Featured Post) [DUPLICATE][39m
[37m[39m
[37m  ContainerID:75 (news1_Footer) [39m
[90m    ├─ Model:Footer (Footer) [DUPLICATE][39m
[37m[39m
[37m  ContainerID:74 (news1_Heading) [39m
[90m    ├─ Model:Heading (Heading) [DUPLICATE][39m
[37m[39m
[37m  ContainerID:76 (news1_Heading9CB7C0DC) [39m
[90m    ├─ Model:Heading (Heading) [DUPLICATE][39m
[37m[39m
[37m  ContainerID:77 (news1_RichTextArea) [39m
[90m    ├─ Model:RichTextArea (Rich Text Area) [DUPLICATE][39m
[37m[39m
[37m  ContainerID:79 (news1_TextBlockWithImage) [39m
[90m    ├─ Model:TextBlockWithImage (Text Block With Image) [DUPLICATE][39m
[37m[39m
[37m  ContainerID:112 (news_PostDetails) [39m
[90m    ├─ Model:PostDetails (Post Details) [DUPLICATE][39m
[37m[39m
[37m  ContainerID:111 (news_RichTextArea) [39m
[90m    ├─ Model:RichTextArea (Rich Text Area) [DUPLICATE][39m
[37m[39m
[37m  ContainerID:10 (notpublishedpage_RichTextAre2A04A6) [39m
[90m    ├─ Model:RichTextArea (Rich Text Area) [DUPLICATE][39m
[37m[39m
[37m  ContainerID:61 (player details) [39m
[90m    ├─ Model:player (player) [DUPLICATE][39m
[34m    ├─ Content: 4 items found[39m
[34m    │  ├─ ContentID:135 (player details)[39m
    │  │  ├─ [33mAsset:steve_20250127064858.jpg[39m
[34m    │  ├─ ContentID:136 (player details)[39m
[34m    │  ├─ ContentID:139 (player details)[39m
[90m    │  └─ ... and 1 more content items[39m
[37m[39m
[37m  ContainerID:70 (playerContactDetails) [39m
[90m    ├─ Model:playerContactDetails (playerContactDetails) [DUPLICATE][39m
[37m[39m
[37m  ContainerID:73 (playerdetails_playerContactDFACA2C) [39m
[90m    ├─ Model:playerContactDetails (playerContactDetails) [DUPLICATE][39m
[37m[39m
[37m  ContainerID:64 (poc_Footer) [39m
[90m    ├─ Model:Footer (Footer) [DUPLICATE][39m
[37m[39m
[37m  ContainerID:63 (poc_Heading) [39m
[90m    ├─ Model:Heading (Heading) [DUPLICATE][39m
[37m[39m
[37m  ContainerID:67 (poc_ImageSliderpoc) [39m
[32m    ├─ Model:ImageSlider (Image Slider poc)[39m
[37m[39m
[37m  ContainerID:65 (poc_RichTextArea) [39m
[90m    ├─ Model:RichTextArea (Rich Text Area) [DUPLICATE][39m
[37m[39m
[37m  ContainerID:66 (poc_TextBlockWithImage) [39m
[90m    ├─ Model:TextBlockWithImage (Text Block With Image) [DUPLICATE][39m
[37m[39m
[37m  ContainerID:8 (posts_PostsListing) [39m
[90m    ├─ Model:PostsListing (Posts Listing) [DUPLICATE][39m
[37m[39m
[37m  ContainerID:9 (postsdynamic_PostDetails) [39m
[90m    ├─ Model:PostDetails (Post Details) [DUPLICATE][39m
[37m[39m
[37m  ContainerID:103 (powerball_Footer) [39m
[90m    ├─ Model:Footer (Footer) [DUPLICATE][39m
[37m[39m
[37m  ContainerID:102 (powerball_TextBlockWithImage) [39m
[90m    ├─ Model:TextBlockWithImage (Text Block With Image) [DUPLICATE][39m
[37m[39m
[37m  ContainerID:125 (powerball_WinningNumbersSect0F30B3) [39m
[90m    ├─ Model:WinningNumbersSection (WinningNumbersSection) [DUPLICATE][39m
[37m[39m
[37m  ContainerID:124 (powerball_WinningNumbersSect11B066) [39m
[90m    ├─ Model:WinningNumbersSection (WinningNumbersSection) [DUPLICATE][39m
[37m[39m
[37m  ContainerID:123 (powerball_WinningNumbersSect3F5F8F) [39m
[90m    ├─ Model:WinningNumbersSection (WinningNumbersSection) [DUPLICATE][39m
[37m[39m
[37m  ContainerID:11 (publishedpage_RichTextArea) [39m
[90m    ├─ Model:RichTextArea (Rich Text Area) [DUPLICATE][39m
[37m[39m
[37m  ContainerID:12 (publishedpage_RichTextArea12) [39m
[90m    ├─ Model:RichTextArea (Rich Text Area) [DUPLICATE][39m
[37m[39m
[37m  ContainerID:113 (retailerlocator_retailerLoca20D500) [39m
[90m    ├─ Model:retailerLocator (retailerLocator) [DUPLICATE][39m
[37m[39m
[37m  ContainerID:98 (testingcli) [39m
[32m    ├─ Model:TestingCli (TestingCli)[39m
[34m    ├─ Content: 3 items found[39m
[34m    │  ├─ ContentID:8987 (testingcli)[39m
[34m    │  ├─ ContentID:8988 (testingcli)[39m
[34m    │  └─ ContentID:8989 (testingcli)[39m
[37m[39m
[37m  ContainerID:99 (testjson) [39m
[32m    ├─ Model:testjson (testjson)[39m
[37m[39m
[37m  ContainerID:121 (ticketinquiry_TicketInquiry) [39m
[90m    ├─ Model:TicketInquiry (TicketInquiry) [DUPLICATE][39m
[34m[39m
[34m📊 5. ITEMS OUTSIDE OF CHAINS[39m
==================================================
[33mItems that exist but are not referenced by any chains:[39m
[34m[39m
[34m  📄 PAGES: 2 items[39m
[90m    - PageID:33 (helo (No template))[39m
[90m    - PageID:35 (help (No template))[39m
[34m[39m
[34m  📋 CONTENT: 41 items[39m
[90m    - ContentID:10162 (applaunchdata)[39m
[90m    - ContentID:10164 (applaunchdata_txapplaunchdatd19ee0)[39m
[90m    - ContentID:10165 (applaunchdata_txapplaunchdatd19ee0)[39m
[90m    - ContentID:10166 (applaunchdata_txapplaunchdatd19ee0)[39m
[90m    - ContentID:10167 (applaunchdata_txapplaunchdatd19ee0)[39m
[90m    - ContentID:10168 (applaunchdata_txapplaunchdat6e2096)[39m
[90m    - ContentID:10169 (applaunchdata_txapplaunchdatb6dfb0)[39m
[90m    - ContentID:10170 (applaunchdata_txapplaunchdateb3c79)[39m
[90m    - ContentID:10171 (applaunchdata_txapplaunchdat4e946a)[39m
[90m    - ContentID:10172 (applaunchdata_txapplaunchdat9f13f2)[39m
[90m    - ContentID:10173 (applaunchdata_txapplaunchdat089c78)[39m
[90m    - ContentID:10174 (applaunchdata_txapplaunchdatfa2904)[39m
[90m    - ContentID:10175 (applaunchdata_txapplaunchdatc68a60)[39m
[90m    - ContentID:10176 (applaunchdata_txapplaunchdat72c6db)[39m
[90m    - ContentID:10177 (applaunchdata_txapplaunchdat0f010f)[39m
[90m    - ContentID:10178 (applaunchdata_txapplaunchdat65c873)[39m
[90m    - ContentID:10179 (applaunchdata_txapplaunchdat6078be)[39m
[90m    - ContentID:10180 (applaunchdata_txapplaunchdataf325d)[39m
[90m    - ContentID:10181 (applaunchdata_txapplaunchdataf325d)[39m
[90m    - ContentID:10182 (applaunchdata_txapplaunchdataf325d)[39m
[90m    - ContentID:10187 (footerlogooptions)[39m
[90m    - ContentID:10188 (footerlogooptions)[39m
[90m    - ContentID:10189 (footerlogooptions)[39m
[90m    - ContentID:10190 (footerlogooptions)[39m
[90m    - ContentID:10191 (secondarynavigation)[39m
[90m    - ContentID:10192 (secondarynavigation)[39m
[90m    - ContentID:10218 (messages_sidenavigation)[39m
[90m    - ContentID:10220 (menutabmainbanner)[39m
[90m    - ContentID:10221 (menutabmainbanner_mobileappb481e0c)[39m
[90m    - ContentID:10222 (menupromobanner)[39m
[90m    - ContentID:10230 (portalfootersecondarylinklis7a4b1e)[39m
[90m    - ContentID:10231 (portalfootersecondarylinklis7a4b1e)[39m
[90m    - ContentID:10232 (portalfootersecondarylinklis7a4b1e)[39m
[90m    - ContentID:10233 (portalfootersecondarylinklis7a4b1e)[39m
[90m    - ContentID:10234 (footersociallinkstack)[39m
[90m    - ContentID:10235 (footersociallinkstack)[39m
[90m    - ContentID:10236 (footersociallinkstack)[39m
[90m    - ContentID:10237 (footersociallinkstack)[39m
[90m    - ContentID:10238 (footersociallinkstack)[39m
[90m    - ContentID:8785 (checkyourticket_checkyourtic420bf7)[39m
[90m    - ContentID:8787 (checkyourticket_checkinstante4492f)[39m
[32m[39m
[32m  📐 MODELS: 6 items[39m
[90m    - Model:testi18n (testi18n)[39m
[90m    - Model:mobilebuttonSkin (Mobile buttonSkin)[39m
[90m    - Model:MobileAppFeatureCarousel1 (Mobile App - Feature Carousel1)[39m
[90m    - Model:HomepageCarouselBanner (HomepageCarouselBanner)[39m
[90m    - Model:PortalSecondarytopNavigation (Portal - Secondary (top) Navigation)[39m
[90m    - Model:MobileAppMenuPromoBanner (Mobile App - Menu Promo Banner)[39m
[35m[39m
[35m  📋 TEMPLATES: 2 items[39m
[90m    - Template:poc page model[39m
[90m    - Template:PageTemplate[39m
[33m[39m
[33m  🖼️  &nbsp;ASSETS: 116 items[39m
[90m    (Assets not referenced by any content fields)[39m
[90m    - Asset: big-cash-image.png[39m
[90m    - Asset: bonus-background.png[39m
[90m    - Asset: bonus-image.png[39m
[90m    - Asset: Group-Play-v3_20250206011251.png[39m
[90m    - Asset: group-success_20250225031619.svg[39m
[90m    - Asset: hero-image_20250206120113.png[39m
[90m    - Asset: hero-image_20250206122045.png[39m
[90m    - Asset: home-banner-background_20250206120122.png[39m
[90m    - Asset: home-banner-background_20250206122113.png[39m
[90m    - Asset: igt-logo-ilottery_20250129023129.png[39m
[90m    ... and 106 more assets[39m
[90m[39m
[90m  📁 GALLERIES: 4 items[39m
[90m    - Gallery: draw-game-assets/game-background-image (ID: 4)[39m
[90m    - Gallery: draw-game-assets/game-background-image-alt (ID: 5)[39m
[90m    - Gallery: draw-game-assets/game-logo (ID: 3)[39m
[90m    - Gallery: logos (ID: 1)[39m
[36m[39m
[36m  📊 Total non-chained items: 171[39m
[36m[39m
[36m🔍 6. RECONCILIATION SUMMARY[39m
==================================================
[36m📊 SYNC READINESS SUMMARY[39m
[37m   Total entities: 6076[39m
[32m   Ready to sync: 6076 items[39m
[90m[39m
[90m   Entity breakdown:[39m
[90m     - Pages: 16 in chains, 9 out, 100% accounted for[39m
[90m     - Content: 5700 in chains, 41 out, 100% accounted for[39m
[90m     - Models: 66 in chains, 6 out, 100% accounted for[39m
[90m     - Templates: 5 in chains, 2 out, 100% accounted for[39m
[90m     - Containers: 111 in chains, 0 out, 100% accounted for[39m
[90m     - Assets: 67 in chains, 49 out, 100% accounted for[39m
[90m     - Galleries: 0 in chains, 4 out, 100% accounted for[39m
[36m[39m
[36m   🚀 Do you want to proceed to sync 6076 items?[39m
[34m[39m
[34m🧪 Dry Run / Test Mode - Analysis Only[39m
📊 Analysis completed successfully. No actual sync will be performed.
[32m[39m
[32m✅ Sync operation completed successfully![39m
